<?xml version="1.0" encoding="UTF-8"?>
<testsuites name="PQC-Edge-Attestor Tests" tests="98" failures="6" errors="0" time="9.431">
  <testsuite name="QuantumAcceleratedOptimizer" errors="0" failures="0" skipped="0" timestamp="2025-08-23T23:35:52" time="0.727" tests="26">
    <testcase classname="QuantumAcceleratedOptimizer › constructor" name="initializes with default configuration" time="0.008">
    </testcase>
    <testcase classname="QuantumAcceleratedOptimizer › constructor" name="initializes quantum components" time="0.004">
    </testcase>
    <testcase classname="QuantumAcceleratedOptimizer › generateAnnealingSchedule" name="generates valid annealing schedule" time="0.018">
    </testcase>
    <testcase classname="QuantumAcceleratedOptimizer › extractOptimizationParameters" name="extracts comprehensive parameter set" time="0.003">
    </testcase>
    <testcase classname="QuantumAcceleratedOptimizer › initializeQuantumPopulation" name="initializes population with quantum superposition" time="0.008">
    </testcase>
    <testcase classname="QuantumAcceleratedOptimizer › initializeQuantumPopulation" name="applies constraints correctly" time="0.005">
    </testcase>
    <testcase classname="QuantumAcceleratedOptimizer › measurePerformance" name="measures performance with different configurations" time="0.003">
    </testcase>
    <testcase classname="QuantumAcceleratedOptimizer › measurePerformance" name="shows performance improvement with optimizations" time="0.003">
    </testcase>
    <testcase classname="QuantumAcceleratedOptimizer › measureEnergyEfficiency" name="measures energy efficiency correctly" time="0.003">
    </testcase>
    <testcase classname="QuantumAcceleratedOptimizer › measureEnergyEfficiency" name="shows better efficiency with hardware acceleration" time="0.01">
    </testcase>
    <testcase classname="QuantumAcceleratedOptimizer › calculateFitness" name="calculates fitness score correctly" time="0.002">
    </testcase>
    <testcase classname="QuantumAcceleratedOptimizer › quantumTournament" name="performs quantum tournament selection" time="0.003">
    </testcase>
    <testcase classname="QuantumAcceleratedOptimizer › calculateQuantumInterference" name="calculates interference pattern" time="0.002">
    </testcase>
    <testcase classname="QuantumAcceleratedOptimizer › quantumRecombination" name="performs quantum recombination" time="0.003">
    </testcase>
    <testcase classname="QuantumAcceleratedOptimizer › quantumTunneling" name="performs quantum tunneling mutation" time="0.002">
    </testcase>
    <testcase classname="QuantumAcceleratedOptimizer › calculateHammingDistance" name="calculates normalized Hamming distance" time="0.002">
    </testcase>
    <testcase classname="QuantumAcceleratedOptimizer › getOptimizationRecommendations" name="provides recommendations for different use cases" time="0.002">
    </testcase>
    <testcase classname="EnergyOptimizer › constructor" name="initializes with configuration" time="0.002">
    </testcase>
    <testcase classname="EnergyOptimizer › applyVoltageScaling" name="applies voltage scaling optimization" time="0.002">
    </testcase>
    <testcase classname="EnergyOptimizer › applyFrequencyScaling" name="applies frequency scaling based on workload" time="0.002">
    </testcase>
    <testcase classname="EnergyOptimizer › applySleepOptimization" name="optimizes sleep modes effectively" time="0.003">
    </testcase>
    <testcase classname="EnergyOptimizer › assessWorkloadIntensity" name="assesses workload intensity correctly" time="0.002">
    </testcase>
    <testcase classname="EnergyOptimizer › estimateIdleTime" name="estimates idle time based on workload" time="0.002">
    </testcase>
    <testcase classname="EnergyOptimizer › measureEnergyConsumption" name="measures energy consumption for different workloads" time="0.008">
    </testcase>
    <testcase classname="Integration tests" name="full optimization workflow" time="0.01">
    </testcase>
    <testcase classname="Integration tests" name="energy optimization workflow" time="0.003">
    </testcase>
  </testsuite>
  <testsuite name="StatisticalAnalyzer" errors="0" failures="0" skipped="0" timestamp="2025-08-23T23:35:54" time="1.337" tests="27">
    <testcase classname="StatisticalAnalyzer › calculateDescriptiveStats" name="calculates correct statistics for normal dataset" time="0.004">
    </testcase>
    <testcase classname="StatisticalAnalyzer › calculateDescriptiveStats" name="handles single value dataset" time="0.002">
    </testcase>
    <testcase classname="StatisticalAnalyzer › calculateDescriptiveStats" name="throws error for empty dataset" time="0.067">
    </testcase>
    <testcase classname="StatisticalAnalyzer › calculateDescriptiveStats" name="throws error for non-array input" time="0.002">
    </testcase>
    <testcase classname="StatisticalAnalyzer › calculateSkewness" name="calculates skewness correctly" time="0.002">
    </testcase>
    <testcase classname="StatisticalAnalyzer › welchTTest" name="performs Welch&apos;s t-test correctly" time="0.006">
    </testcase>
    <testcase classname="QuantumBenchmarkingSuite › constructor" name="initializes with default configuration" time="0.002">
    </testcase>
    <testcase classname="QuantumBenchmarkingSuite › constructor" name="accepts custom configuration" time="0.002">
    </testcase>
    <testcase classname="QuantumBenchmarkingSuite › generateKyberKeyPair" name="generates valid Kyber keypair" time="0.005">
    </testcase>
    <testcase classname="QuantumBenchmarkingSuite › generateDilithiumKeyPair" name="generates valid Dilithium keypair" time="0.016">
    </testcase>
    <testcase classname="QuantumBenchmarkingSuite › measureKeyGeneration" name="measures key generation performance" time="0.005">
    </testcase>
    <testcase classname="QuantumBenchmarkingSuite › measureKeyGeneration" name="includes memory usage when profiling enabled" time="0.004">
    </testcase>
    <testcase classname="QuantumBenchmarkingSuite › measureSigning" name="measures signing performance for Dilithium" time="0.031">
    </testcase>
    <testcase classname="QuantumBenchmarkingSuite › measureSigning" name="measures signing performance for Falcon" time="0.119">
    </testcase>
    <testcase classname="QuantumBenchmarkingSuite › simulateComputationalWork" name="simulates work for specified duration" time="0.006">
    </testcase>
    <testcase classname="QuantumBenchmarkingSuite › calculatePerformanceScore" name="calculates performance score correctly" time="0.002">
    </testcase>
    <testcase classname="QuantumBenchmarkingSuite › calculatePerformanceScore" name="returns lower score for slower operations" time="0.002">
    </testcase>
    <testcase classname="QuantumBenchmarkingSuite › getSecurityLevel" name="returns correct security levels" time="0.006">
    </testcase>
    <testcase classname="QuantumBenchmarkingSuite › assessQuantumResistance" name="assesses quantum resistance for known algorithms" time="0.002">
    </testcase>
    <testcase classname="QuantumBenchmarkingSuite › assessQuantumResistance" name="returns unknown for unrecognized algorithms" time="0.001">
    </testcase>
    <testcase classname="QuantumBenchmarkingSuite › getEnvironmentMetadata" name="returns environment information" time="0.003">
    </testcase>
    <testcase classname="QuantumBenchmarkingSuite › benchmarkAlgorithm" name="benchmarks algorithm successfully" time="0.089">
    </testcase>
    <testcase classname="QuantumBenchmarkingSuite › benchmarkAlgorithm" name="handles signing algorithms correctly" time="0.273">
    </testcase>
    <testcase classname="QuantumBenchmarkingSuite › compareAlgorithmPair" name="compares two algorithm results" time="0.003">
    </testcase>
    <testcase classname="QuantumBenchmarkingSuite › generateOptimizationRecommendations" name="generates recommendations based on results" time="0.003">
    </testcase>
    <testcase classname="QuantumBenchmarkingSuite › error handling" name="handles unsupported algorithm gracefully" time="0.003">
    </testcase>
    <testcase classname="Integration tests" name="full benchmarking workflow" time="0.052">
    </testcase>
  </testsuite>
  <testsuite name="Generation 1: Basic Functionality Tests" errors="0" failures="6" skipped="0" timestamp="2025-08-23T23:35:55" time="3.1" tests="24">
    <testcase classname="Generation 1: Basic Functionality Tests › PQC Crypto Service" name="should generate Kyber keypair" time="0.004">
    </testcase>
    <testcase classname="Generation 1: Basic Functionality Tests › PQC Crypto Service" name="should perform Kyber encapsulation/decapsulation" time="0.012">
    </testcase>
    <testcase classname="Generation 1: Basic Functionality Tests › PQC Crypto Service" name="should generate Dilithium keypair" time="0.003">
    </testcase>
    <testcase classname="Generation 1: Basic Functionality Tests › PQC Crypto Service" name="should sign and verify with Dilithium" time="0.006">
      <failure>Error: expect(received).toBe(expected) // Object.is equality

Expected: true
Received: false
    at Object.toBe (/root/repo/tests/unit/generation1.test.js:84:29)
    at Generator.next (&lt;anonymous&gt;)
    at asyncGeneratorStep (/root/repo/tests/unit/generation1.test.js:3:70)
    at _next (/root/repo/tests/unit/generation1.test.js:4:163)</failure>
    </testcase>
    <testcase classname="Generation 1: Basic Functionality Tests › PQC Crypto Service" name="should validate key formats" time="0.002">
      <failure>Error: expect(received).toBe(expected) // Object.is equality

Expected: true
Received: false
    at Object.toBe (/root/repo/tests/unit/generation1.test.js:91:85)
    at Promise.then.completed (/root/repo/node_modules/jest-circus/build/utils.js:298:28)
    at new Promise (&lt;anonymous&gt;)
    at callAsyncCircusFn (/root/repo/node_modules/jest-circus/build/utils.js:231:10)
    at _callCircusTest (/root/repo/node_modules/jest-circus/build/run.js:316:40)
    at _runTest (/root/repo/node_modules/jest-circus/build/run.js:252:3)
    at _runTestsForDescribeBlock (/root/repo/node_modules/jest-circus/build/run.js:126:9)
    at _runTestsForDescribeBlock (/root/repo/node_modules/jest-circus/build/run.js:121:9)
    at _runTestsForDescribeBlock (/root/repo/node_modules/jest-circus/build/run.js:121:9)
    at run (/root/repo/node_modules/jest-circus/build/run.js:71:3)
    at runAndTransformResultsToJestFormat (/root/repo/node_modules/jest-circus/build/legacy-code-todo-rewrite/jestAdapterInit.js:122:21)
    at jestAdapter (/root/repo/node_modules/jest-circus/build/legacy-code-todo-rewrite/jestAdapter.js:79:19)
    at runTestInternal (/root/repo/node_modules/jest-runner/build/runTest.js:367:16)
    at runTest (/root/repo/node_modules/jest-runner/build/runTest.js:444:34)</failure>
    </testcase>
    <testcase classname="Generation 1: Basic Functionality Tests › PQC Crypto Service" name="should return supported algorithms" time="0.001">
    </testcase>
    <testcase classname="Generation 1: Basic Functionality Tests › Attestation Service" name="should initialize successfully" time="0.002">
    </testcase>
    <testcase classname="Generation 1: Basic Functionality Tests › Attestation Service" name="should collect measurements" time="0.002">
      <failure>Error: expect(received).toBe(expected) // Object.is equality

Expected: true
Received: undefined
    at Object.toBe (/root/repo/tests/unit/generation1.test.js:112:36)
    at Generator.next (&lt;anonymous&gt;)
    at asyncGeneratorStep (/root/repo/tests/unit/generation1.test.js:3:70)
    at _next (/root/repo/tests/unit/generation1.test.js:4:163)</failure>
    </testcase>
    <testcase classname="Generation 1: Basic Functionality Tests › Attestation Service" name="should generate attestation report" time="0.003">
    </testcase>
    <testcase classname="Generation 1: Basic Functionality Tests › Attestation Service" name="should get PCR values" time="0.001">
      <failure>TypeError: attestationService.getPCRValues is not a function
    at Object.getPCRValues (/root/repo/tests/unit/generation1.test.js:130:50)
    at Promise.then.completed (/root/repo/node_modules/jest-circus/build/utils.js:298:28)
    at new Promise (&lt;anonymous&gt;)
    at callAsyncCircusFn (/root/repo/node_modules/jest-circus/build/utils.js:231:10)
    at _callCircusTest (/root/repo/node_modules/jest-circus/build/run.js:316:40)
    at _runTest (/root/repo/node_modules/jest-circus/build/run.js:252:3)
    at _runTestsForDescribeBlock (/root/repo/node_modules/jest-circus/build/run.js:126:9)
    at _runTestsForDescribeBlock (/root/repo/node_modules/jest-circus/build/run.js:121:9)
    at _runTestsForDescribeBlock (/root/repo/node_modules/jest-circus/build/run.js:121:9)
    at run (/root/repo/node_modules/jest-circus/build/run.js:71:3)
    at runAndTransformResultsToJestFormat (/root/repo/node_modules/jest-circus/build/legacy-code-todo-rewrite/jestAdapterInit.js:122:21)
    at jestAdapter (/root/repo/node_modules/jest-circus/build/legacy-code-todo-rewrite/jestAdapter.js:79:19)
    at runTestInternal (/root/repo/node_modules/jest-runner/build/runTest.js:367:16)
    at runTest (/root/repo/node_modules/jest-runner/build/runTest.js:444:34)</failure>
    </testcase>
    <testcase classname="Generation 1: Basic Functionality Tests › Attestation Service" name="should get measurement log" time="0.001">
      <failure>TypeError: attestationService.getMeasurementLog is not a function
    at Object.getMeasurementLog (/root/repo/tests/unit/generation1.test.js:140:44)
    at Promise.then.completed (/root/repo/node_modules/jest-circus/build/utils.js:298:28)
    at new Promise (&lt;anonymous&gt;)
    at callAsyncCircusFn (/root/repo/node_modules/jest-circus/build/utils.js:231:10)
    at _callCircusTest (/root/repo/node_modules/jest-circus/build/run.js:316:40)
    at _runTest (/root/repo/node_modules/jest-circus/build/run.js:252:3)
    at _runTestsForDescribeBlock (/root/repo/node_modules/jest-circus/build/run.js:126:9)
    at _runTestsForDescribeBlock (/root/repo/node_modules/jest-circus/build/run.js:121:9)
    at _runTestsForDescribeBlock (/root/repo/node_modules/jest-circus/build/run.js:121:9)
    at run (/root/repo/node_modules/jest-circus/build/run.js:71:3)
    at runAndTransformResultsToJestFormat (/root/repo/node_modules/jest-circus/build/legacy-code-todo-rewrite/jestAdapterInit.js:122:21)
    at jestAdapter (/root/repo/node_modules/jest-circus/build/legacy-code-todo-rewrite/jestAdapter.js:79:19)
    at runTestInternal (/root/repo/node_modules/jest-runner/build/runTest.js:367:16)
    at runTest (/root/repo/node_modules/jest-runner/build/runTest.js:444:34)</failure>
    </testcase>
    <testcase classname="Generation 1: Basic Functionality Tests › OTA Update Service" name="should initialize successfully" time="0.01">
    </testcase>
    <testcase classname="Generation 1: Basic Functionality Tests › OTA Update Service" name="should check for updates" time="1.003">
    </testcase>
    <testcase classname="Generation 1: Basic Functionality Tests › OTA Update Service" name="should get update statistics" time="0.003">
    </testcase>
    <testcase classname="Generation 1: Basic Functionality Tests › Device Management Service" name="should initialize successfully" time="0.006">
    </testcase>
    <testcase classname="Generation 1: Basic Functionality Tests › Device Management Service" name="should get device status" time="0.002">
    </testcase>
    <testcase classname="Generation 1: Basic Functionality Tests › Device Management Service" name="should execute commands" time="0.002">
    </testcase>
    <testcase classname="Generation 1: Basic Functionality Tests › Device Management Service" name="should generate attestation report via command" time="0.002">
    </testcase>
    <testcase classname="Generation 1: Basic Functionality Tests › Device Management Service" name="should handle reboot command" time="1.004">
    </testcase>
    <testcase classname="Generation 1: Basic Functionality Tests › Service Integration" name="should integrate PQC crypto with attestation" time="0.003">
    </testcase>
    <testcase classname="Generation 1: Basic Functionality Tests › Service Integration" name="should coordinate services through device management" time="0.002">
    </testcase>
    <testcase classname="Generation 1: Basic Functionality Tests › Error Handling" name="should handle invalid parameters gracefully" time="0.06">
    </testcase>
    <testcase classname="Generation 1: Basic Functionality Tests › Error Handling" name="should handle uninitialized services" time="0.003">
      <failure>Error: expect(received).rejects.toThrow()

Received promise resolved instead of rejected
Resolved to value: [{&quot;pcrIndex&quot;: 0, &quot;timestamp&quot;: 1755992158934, &quot;type&quot;: &quot;firmware&quot;, &quot;value&quot;: {&quot;data&quot;: [247, 253, 66, 51, 48, 57, 237, 104, 243, 25, …], &quot;type&quot;: &quot;Buffer&quot;}}]
    at expect (/root/repo/node_modules/expect/build/index.js:113:15)
    at Object.expect (/root/repo/tests/unit/generation1.test.js:253:19)
    at Generator.next (&lt;anonymous&gt;)
    at asyncGeneratorStep (/root/repo/tests/unit/generation1.test.js:3:70)
    at _next (/root/repo/tests/unit/generation1.test.js:4:163)
    at /root/repo/tests/unit/generation1.test.js:4:299
    at new Promise (&lt;anonymous&gt;)
    at Object.&lt;anonymous&gt; (/root/repo/tests/unit/generation1.test.js:4:90)
    at Promise.then.completed (/root/repo/node_modules/jest-circus/build/utils.js:298:28)
    at new Promise (&lt;anonymous&gt;)
    at callAsyncCircusFn (/root/repo/node_modules/jest-circus/build/utils.js:231:10)
    at _callCircusTest (/root/repo/node_modules/jest-circus/build/run.js:316:40)
    at _runTest (/root/repo/node_modules/jest-circus/build/run.js:252:3)
    at _runTestsForDescribeBlock (/root/repo/node_modules/jest-circus/build/run.js:126:9)
    at _runTestsForDescribeBlock (/root/repo/node_modules/jest-circus/build/run.js:121:9)
    at _runTestsForDescribeBlock (/root/repo/node_modules/jest-circus/build/run.js:121:9)
    at run (/root/repo/node_modules/jest-circus/build/run.js:71:3)
    at runAndTransformResultsToJestFormat (/root/repo/node_modules/jest-circus/build/legacy-code-todo-rewrite/jestAdapterInit.js:122:21)
    at jestAdapter (/root/repo/node_modules/jest-circus/build/legacy-code-todo-rewrite/jestAdapter.js:79:19)
    at runTestInternal (/root/repo/node_modules/jest-runner/build/runTest.js:367:16)
    at runTest (/root/repo/node_modules/jest-runner/build/runTest.js:444:34)</failure>
    </testcase>
    <testcase classname="Generation 1: Basic Functionality Tests › Error Handling" name="should handle unknown commands" time="0.006">
    </testcase>
  </testsuite>
  <testsuite name="StatisticalAnalyzer" errors="0" failures="0" skipped="0" timestamp="2025-08-23T23:35:59" time="0.299" tests="13">
    <testcase classname="StatisticalAnalyzer › calculateDescriptiveStats" name="calculates correct statistics for normal dataset" time="0.003">
    </testcase>
    <testcase classname="StatisticalAnalyzer › calculateDescriptiveStats" name="handles single value dataset" time="0.002">
    </testcase>
    <testcase classname="StatisticalAnalyzer › calculateDescriptiveStats" name="throws error for empty dataset" time="0.054">
    </testcase>
    <testcase classname="StatisticalAnalyzer › calculateDescriptiveStats" name="throws error for non-array input" time="0.002">
    </testcase>
    <testcase classname="StatisticalAnalyzer › welchTTest" name="performs Welch&apos;s t-test correctly" time="0.002">
    </testcase>
    <testcase classname="QuantumBenchmarkingSuite › constructor" name="initializes with default configuration" time="0.002">
    </testcase>
    <testcase classname="QuantumBenchmarkingSuite › constructor" name="accepts custom configuration" time="0.002">
    </testcase>
    <testcase classname="QuantumBenchmarkingSuite › generateKyberKeyPair" name="generates valid Kyber keypair" time="0.005">
    </testcase>
    <testcase classname="QuantumBenchmarkingSuite › simulateComputationalWork" name="simulates work for specified duration" time="0.007">
    </testcase>
    <testcase classname="QuantumBenchmarkingSuite › compareAlgorithmPair" name="compares two algorithm results" time="0.003">
    </testcase>
    <testcase classname="QuantumBenchmarkingSuite › benchmarkAlgorithm" name="benchmarks algorithm successfully" time="0.048">
    </testcase>
    <testcase classname="QuantumBenchmarkingSuite › getSecurityLevel" name="returns correct security levels" time="0.002">
    </testcase>
    <testcase classname="Integration tests" name="full benchmarking workflow" time="0.039">
    </testcase>
  </testsuite>
  <testsuite name="QuantumAcceleratedOptimizer" errors="0" failures="0" skipped="0" timestamp="2025-08-23T23:35:59" time="0.131" tests="8">
    <testcase classname="QuantumAcceleratedOptimizer › constructor" name="initializes with default configuration" time="0.017">
    </testcase>
    <testcase classname="QuantumAcceleratedOptimizer › constructor" name="initializes quantum components" time="0.002">
    </testcase>
    <testcase classname="QuantumAcceleratedOptimizer › measurePerformance" name="measures performance with different configurations" time="0.002">
    </testcase>
    <testcase classname="QuantumAcceleratedOptimizer › calculateFitness" name="calculates fitness score correctly" time="0.002">
    </testcase>
    <testcase classname="EnergyOptimizer › constructor" name="initializes with configuration" time="0.001">
    </testcase>
    <testcase classname="EnergyOptimizer › applyVoltageScaling" name="applies voltage scaling optimization" time="0.002">
    </testcase>
    <testcase classname="EnergyOptimizer › assessWorkloadIntensity" name="assesses workload intensity correctly" time="0.001">
    </testcase>
    <testcase classname="Integration tests" name="energy optimization workflow" time="0.002">
    </testcase>
  </testsuite>
</testsuites>