<?xml version="1.0" encoding="UTF-8"?>
<testsuites name="PQC-Edge-Attestor Tests" tests="0" failures="0" errors="0" time="1.621">
</testsuites>